Analysis & Synthesis report for Sudoku
Tue Jun 23 00:59:09 2015
Quartus II Version 9.1 Build 350 03/24/2010 Service Pack 2 SJ Web Edition


---------------------
; Table of Contents ;
---------------------
  1. Legal Notice
  2. Analysis & Synthesis Summary
  3. Analysis & Synthesis Settings
  4. Parallel Compilation
  5. Analysis & Synthesis Messages



----------------
; Legal Notice ;
----------------
Copyright (C) 1991-2010 Altera Corporation
Your use of Altera Corporation's design tools, logic functions 
and other software and tools, and its AMPP partner logic 
functions, and any output files from any of the foregoing 
(including device programming or simulation files), and any 
associated documentation or information are expressly subject 
to the terms and conditions of the Altera Program License 
Subscription Agreement, Altera MegaCore Function License 
Agreement, or other applicable license agreement, including, 
without limitation, that your use is for the sole purpose of 
programming logic devices manufactured by Altera and sold by 
Altera or its authorized distributors.  Please refer to the 
applicable agreement for further details.



+-----------------------------------------------------------------------------------+
; Analysis & Synthesis Summary                                                      ;
+------------------------------------+----------------------------------------------+
; Analysis & Synthesis Status        ; Failed - Tue Jun 23 00:59:09 2015            ;
; Quartus II Version                 ; 9.1 Build 350 03/24/2010 SP 2 SJ Web Edition ;
; Revision Name                      ; Sudoku                                       ;
; Top-level Entity Name              ; Sudoku                                       ;
; Family                             ; Cyclone II                                   ;
; Total logic elements               ; N/A until Partition Merge                    ;
;     Total combinational functions  ; N/A until Partition Merge                    ;
;     Dedicated logic registers      ; N/A until Partition Merge                    ;
; Total registers                    ; N/A until Partition Merge                    ;
; Total pins                         ; N/A until Partition Merge                    ;
; Total virtual pins                 ; N/A until Partition Merge                    ;
; Total memory bits                  ; N/A until Partition Merge                    ;
; Embedded Multiplier 9-bit elements ; N/A until Partition Merge                    ;
; Total PLLs                         ; N/A until Partition Merge                    ;
+------------------------------------+----------------------------------------------+


+----------------------------------------------------------------------------------------------------------------------+
; Analysis & Synthesis Settings                                                                                        ;
+----------------------------------------------------------------------------+--------------------+--------------------+
; Option                                                                     ; Setting            ; Default Value      ;
+----------------------------------------------------------------------------+--------------------+--------------------+
; Device                                                                     ; EP2C20F484C7       ;                    ;
; Top-level entity name                                                      ; Sudoku             ; Sudoku             ;
; Family name                                                                ; Cyclone II         ; Stratix II         ;
; Use Generated Physical Constraints File                                    ; Off                ;                    ;
; Use smart compilation                                                      ; Off                ; Off                ;
; Enable parallel Assembler and TimeQuest Timing Analyzer during compilation ; On                 ; On                 ;
; Enable compact report table                                                ; Off                ; Off                ;
; Restructure Multiplexers                                                   ; Auto               ; Auto               ;
; Create Debugging Nodes for IP Cores                                        ; Off                ; Off                ;
; Preserve fewer node names                                                  ; On                 ; On                 ;
; Disable OpenCore Plus hardware evaluation                                  ; Off                ; Off                ;
; Verilog Version                                                            ; Verilog_2001       ; Verilog_2001       ;
; VHDL Version                                                               ; VHDL_1993          ; VHDL_1993          ;
; State Machine Processing                                                   ; Auto               ; Auto               ;
; Safe State Machine                                                         ; Off                ; Off                ;
; Extract Verilog State Machines                                             ; On                 ; On                 ;
; Extract VHDL State Machines                                                ; On                 ; On                 ;
; Ignore Verilog initial constructs                                          ; Off                ; Off                ;
; Iteration limit for constant Verilog loops                                 ; 5000               ; 5000               ;
; Iteration limit for non-constant Verilog loops                             ; 250                ; 250                ;
; Add Pass-Through Logic to Inferred RAMs                                    ; On                 ; On                 ;
; Parallel Synthesis                                                         ; On                 ; On                 ;
; DSP Block Balancing                                                        ; Auto               ; Auto               ;
; NOT Gate Push-Back                                                         ; On                 ; On                 ;
; Power-Up Don't Care                                                        ; On                 ; On                 ;
; Remove Redundant Logic Cells                                               ; Off                ; Off                ;
; Remove Duplicate Registers                                                 ; On                 ; On                 ;
; Ignore CARRY Buffers                                                       ; Off                ; Off                ;
; Ignore CASCADE Buffers                                                     ; Off                ; Off                ;
; Ignore GLOBAL Buffers                                                      ; Off                ; Off                ;
; Ignore ROW GLOBAL Buffers                                                  ; Off                ; Off                ;
; Ignore LCELL Buffers                                                       ; Off                ; Off                ;
; Ignore SOFT Buffers                                                        ; On                 ; On                 ;
; Limit AHDL Integers to 32 Bits                                             ; Off                ; Off                ;
; Optimization Technique                                                     ; Balanced           ; Balanced           ;
; Carry Chain Length                                                         ; 70                 ; 70                 ;
; Auto Carry Chains                                                          ; On                 ; On                 ;
; Auto Open-Drain Pins                                                       ; On                 ; On                 ;
; Perform WYSIWYG Primitive Resynthesis                                      ; Off                ; Off                ;
; Auto ROM Replacement                                                       ; On                 ; On                 ;
; Auto RAM Replacement                                                       ; On                 ; On                 ;
; Auto Shift Register Replacement                                            ; Auto               ; Auto               ;
; Auto Clock Enable Replacement                                              ; On                 ; On                 ;
; Strict RAM Replacement                                                     ; Off                ; Off                ;
; Allow Synchronous Control Signals                                          ; On                 ; On                 ;
; Force Use of Synchronous Clear Signals                                     ; Off                ; Off                ;
; Auto RAM to Logic Cell Conversion                                          ; Off                ; Off                ;
; Auto Resource Sharing                                                      ; Off                ; Off                ;
; Allow Any RAM Size For Recognition                                         ; Off                ; Off                ;
; Allow Any ROM Size For Recognition                                         ; Off                ; Off                ;
; Allow Any Shift Register Size For Recognition                              ; Off                ; Off                ;
; Use LogicLock Constraints during Resource Balancing                        ; On                 ; On                 ;
; Ignore translate_off and synthesis_off directives                          ; Off                ; Off                ;
; Timing-Driven Synthesis                                                    ; Off                ; Off                ;
; Show Parameter Settings Tables in Synthesis Report                         ; On                 ; On                 ;
; Ignore Maximum Fan-Out Assignments                                         ; Off                ; Off                ;
; Synchronization Register Chain Length                                      ; 2                  ; 2                  ;
; PowerPlay Power Optimization                                               ; Normal compilation ; Normal compilation ;
; HDL message level                                                          ; Level2             ; Level2             ;
; Suppress Register Optimization Related Messages                            ; Off                ; Off                ;
; Number of Removed Registers Reported in Synthesis Report                   ; 5000               ; 5000               ;
; Number of Inverted Registers Reported in Synthesis Report                  ; 100                ; 100                ;
; Clock MUX Protection                                                       ; On                 ; On                 ;
; Auto Gated Clock Conversion                                                ; Off                ; Off                ;
; Block Design Naming                                                        ; Auto               ; Auto               ;
; SDC constraint protection                                                  ; Off                ; Off                ;
; Synthesis Effort                                                           ; Auto               ; Auto               ;
; Shift Register Replacement - Allow Asynchronous Clear Signal               ; On                 ; On                 ;
; Analysis & Synthesis Message Level                                         ; Medium             ; Medium             ;
; Disable Register Merging Across Hierarchies                                ; Auto               ; Auto               ;
; Resource Aware Inference For Block RAM                                     ; On                 ; On                 ;
+----------------------------------------------------------------------------+--------------------+--------------------+


Parallel compilation was disabled, but you have multiple processors available. Enable parallel compilation to reduce compilation time.
+-------------------------------------+
; Parallel Compilation                ;
+----------------------------+--------+
; Processors                 ; Number ;
+----------------------------+--------+
; Number detected on machine ; 4      ;
; Maximum allowed            ; 1      ;
+----------------------------+--------+


+-------------------------------+
; Analysis & Synthesis Messages ;
+-------------------------------+
Info: *******************************************************************
Info: Running Quartus II Analysis & Synthesis
    Info: Version 9.1 Build 350 03/24/2010 Service Pack 2 SJ Web Edition
    Info: Processing started: Tue Jun 23 00:59:04 2015
Info: Command: quartus_map --read_settings_files=on --write_settings_files=off Sudoku -c Sudoku
Info: Found 2 design units, including 1 entities, in source file /mc/verifiers/entryverifier/entryverifier.vhd
    Info: Found design unit 1: EntryVerifier-behavior
    Info: Found entity 1: EntryVerifier
Info: Found 2 design units, including 1 entities, in source file /mc/verifiers/bitmapverifier/bitmapverifier.vhd
    Info: Found design unit 1: BitmapVerifier-behavior
    Info: Found entity 1: BitmapVerifier
Info: Found 2 design units, including 1 entities, in source file /mc/verifiers/verifierplayerupdate/verifierplayerupdate.vhd
    Info: Found design unit 1: verifierPlayerUpdate-behavior
    Info: Found entity 1: verifierPlayerUpdate
Info: Found 2 design units, including 1 entities, in source file /mc/unitcontrolsudoku/unitcontrolsudoku.vhd
    Info: Found design unit 1: UnitControlSudoku-behavior
    Info: Found entity 1: UnitControlSudoku
Info: Found 2 design units, including 1 entities, in source file /mc/solutioneroperator/count_adder.vhd
    Info: Found design unit 1: count_adder-Behavior
    Info: Found entity 1: count_adder
Info: Found 2 design units, including 1 entities, in source file /mc/solutioneroperator/solucioneroperator.vhd
    Info: Found design unit 1: SolucionerOperator-behavior
    Info: Found entity 1: SolucionerOperator
Info: Found 2 design units, including 1 entities, in source file /mc/mux9to1/mux9to1.vhd
    Info: Found design unit 1: Mux9to1-behavior
    Info: Found entity 1: Mux9to1
Error (10430): VHDL Primary Unit Declaration error at count_adder.vhd(6): primary unit "count_adder" already exists in library "work" File: F:/MC/inputInterface/count_adder.vhd Line: 6
Error (10784): HDL error at count_adder.vhd(6): see declaration for object "count_adder" File: F:/MC/SolutionerOperator/count_adder.vhd Line: 6
Info: Found 0 design units, including 0 entities, in source file /mc/inputinterface/count_adder.vhd
Info: Found 2 design units, including 1 entities, in source file /mc/inputinterface/inputinterface.vhd
    Info: Found design unit 1: InputInterface-behavior
    Info: Found entity 1: InputInterface
Error (10430): VHDL Primary Unit Declaration error at count_adder.vhd(6): primary unit "count_adder" already exists in library "work" File: F:/MC/count_adder/count_adder.vhd Line: 6
Error (10784): HDL error at count_adder.vhd(6): see declaration for object "count_adder" File: F:/MC/SolutionerOperator/count_adder.vhd Line: 6
Info: Found 0 design units, including 0 entities, in source file /mc/count_adder/count_adder.vhd
Info: Found 2 design units, including 1 entities, in source file /mc/coordenates/coordenates.vhd
    Info: Found design unit 1: coordenates-behavior
    Info: Found entity 1: coordenates
Info: Found 2 design units, including 1 entities, in source file /mc/bmap/bmap.vhd
    Info: Found design unit 1: bmap-behavior
    Info: Found entity 1: bmap
Info: Found 2 design units, including 1 entities, in source file /mc/bank/bank.vhd
    Info: Found design unit 1: bank-Behavior
    Info: Found entity 1: bank
Info: Found 2 design units, including 1 entities, in source file /mc/bank/reg.vhd
    Info: Found design unit 1: reg-behavior
    Info: Found entity 1: reg
Info: Found 1 design units, including 1 entities, in source file /mc/sudoku.bdf
    Info: Found entity 1: Sudoku
Error: Quartus II Analysis & Synthesis was unsuccessful. 4 errors, 0 warnings
    Error: Peak virtual memory: 231 megabytes
    Error: Processing ended: Tue Jun 23 00:59:10 2015
    Error: Elapsed time: 00:00:06
    Error: Total CPU time (on all processors): 00:00:01


